C:\CartBackendApplication\ProductCartWebApplication\dist\out-tsc\e2e\src\app.po.js
C:\CartBackendApplication\ProductCartWebApplication\dist\out-tsc\e2e\src\app.po.js.map
C:\CartBackendApplication\ProductCartWebApplication\dist\out-tsc\e2e\src\app.e2e-spec.js
C:\CartBackendApplication\ProductCartWebApplication\dist\out-tsc\e2e\src\app.e2e-spec.js.map
C:\CartBackendApplication\ProductCartWebApplication\dist\out-tsc\src\app\app.component.js
C:\CartBackendApplication\ProductCartWebApplication\dist\out-tsc\src\app\app.component.js.map
C:\CartBackendApplication\ProductCartWebApplication\dist\out-tsc\src\app\carousel\carousellist.js
C:\CartBackendApplication\ProductCartWebApplication\dist\out-tsc\src\app\carousel\carousellist.js.map
C:\CartBackendApplication\ProductCartWebApplication\dist\out-tsc\src\app\carousel\carousel.component.js
C:\CartBackendApplication\ProductCartWebApplication\dist\out-tsc\src\app\carousel\carousel.component.js.map
C:\CartBackendApplication\ProductCartWebApplication\dist\out-tsc\src\app\faviorite\faviorite.component.js
C:\CartBackendApplication\ProductCartWebApplication\dist\out-tsc\src\app\faviorite\faviorite.component.js.map
C:\CartBackendApplication\ProductCartWebApplication\dist\out-tsc\src\app\header\headerTabs.js
C:\CartBackendApplication\ProductCartWebApplication\dist\out-tsc\src\app\header\headerTabs.js.map
C:\CartBackendApplication\ProductCartWebApplication\dist\out-tsc\src\shared-services\behaviourSubject.js
C:\CartBackendApplication\ProductCartWebApplication\dist\out-tsc\src\shared-services\behaviourSubject.js.map
C:\CartBackendApplication\ProductCartWebApplication\dist\out-tsc\src\app\header\header.component.js
C:\CartBackendApplication\ProductCartWebApplication\dist\out-tsc\src\app\header\header.component.js.map
C:\CartBackendApplication\ProductCartWebApplication\dist\out-tsc\src\app\home\home.component.js
C:\CartBackendApplication\ProductCartWebApplication\dist\out-tsc\src\app\home\home.component.js.map
C:\CartBackendApplication\ProductCartWebApplication\dist\out-tsc\src\app\appservice.js
C:\CartBackendApplication\ProductCartWebApplication\dist\out-tsc\src\app\appservice.js.map
C:\CartBackendApplication\ProductCartWebApplication\dist\out-tsc\src\app\urls.js
C:\CartBackendApplication\ProductCartWebApplication\dist\out-tsc\src\app\urls.js.map
C:\CartBackendApplication\ProductCartWebApplication\dist\out-tsc\src\app\products\products.component.js
C:\CartBackendApplication\ProductCartWebApplication\dist\out-tsc\src\app\products\products.component.js.map
C:\CartBackendApplication\ProductCartWebApplication\dist\out-tsc\src\app\allproducts\allproducts.component.js
C:\CartBackendApplication\ProductCartWebApplication\dist\out-tsc\src\app\allproducts\allproducts.component.js.map
C:\CartBackendApplication\ProductCartWebApplication\dist\out-tsc\src\app\order\order.component.js
C:\CartBackendApplication\ProductCartWebApplication\dist\out-tsc\src\app\order\order.component.js.map
C:\CartBackendApplication\ProductCartWebApplication\dist\out-tsc\src\app\orderlis\orderlis.component.js
C:\CartBackendApplication\ProductCartWebApplication\dist\out-tsc\src\app\orderlis\orderlis.component.js.map
C:\CartBackendApplication\ProductCartWebApplication\dist\out-tsc\src\app\productinfo\productinfo.component.js
C:\CartBackendApplication\ProductCartWebApplication\dist\out-tsc\src\app\productinfo\productinfo.component.js.map
C:\CartBackendApplication\ProductCartWebApplication\dist\out-tsc\src\app\listcomponent\listcomponent.component.js
C:\CartBackendApplication\ProductCartWebApplication\dist\out-tsc\src\app\listcomponent\listcomponent.component.js.map
C:\CartBackendApplication\ProductCartWebApplication\dist\out-tsc\src\app\config.route.js
C:\CartBackendApplication\ProductCartWebApplication\dist\out-tsc\src\app\config.route.js.map
C:\CartBackendApplication\ProductCartWebApplication\dist\out-tsc\src\app\app-routing.module.js
C:\CartBackendApplication\ProductCartWebApplication\dist\out-tsc\src\app\app-routing.module.js.map
C:\CartBackendApplication\ProductCartWebApplication\dist\out-tsc\src\app\addtocart\addtocart.component.js
C:\CartBackendApplication\ProductCartWebApplication\dist\out-tsc\src\app\addtocart\addtocart.component.js.map
C:\CartBackendApplication\ProductCartWebApplication\dist\out-tsc\src\app\womensproduct\womensproduct.component.js
C:\CartBackendApplication\ProductCartWebApplication\dist\out-tsc\src\app\womensproduct\womensproduct.component.js.map
C:\CartBackendApplication\ProductCartWebApplication\dist\out-tsc\src\app\jewleary\jewleary.component.js
C:\CartBackendApplication\ProductCartWebApplication\dist\out-tsc\src\app\jewleary\jewleary.component.js.map
C:\CartBackendApplication\ProductCartWebApplication\dist\out-tsc\src\app\cheppales\cheppales.component.js
C:\CartBackendApplication\ProductCartWebApplication\dist\out-tsc\src\app\cheppales\cheppales.component.js.map
C:\CartBackendApplication\ProductCartWebApplication\dist\out-tsc\src\app\logipage\logipage.component.js
C:\CartBackendApplication\ProductCartWebApplication\dist\out-tsc\src\app\logipage\logipage.component.js.map
C:\CartBackendApplication\ProductCartWebApplication\dist\out-tsc\src\app\data.js
C:\CartBackendApplication\ProductCartWebApplication\dist\out-tsc\src\app\data.js.map
C:\CartBackendApplication\ProductCartWebApplication\dist\out-tsc\src\app\filtetemplate\filtetemplate.component.js
C:\CartBackendApplication\ProductCartWebApplication\dist\out-tsc\src\app\filtetemplate\filtetemplate.component.js.map
C:\CartBackendApplication\ProductCartWebApplication\dist\out-tsc\src\app\filtetemplate\shared.module.js
C:\CartBackendApplication\ProductCartWebApplication\dist\out-tsc\src\app\filtetemplate\shared.module.js.map
C:\CartBackendApplication\ProductCartWebApplication\dist\out-tsc\src\app\confirmModal\confirmModal-Service.js
C:\CartBackendApplication\ProductCartWebApplication\dist\out-tsc\src\app\confirmModal\confirmModal-Service.js.map
C:\CartBackendApplication\ProductCartWebApplication\dist\out-tsc\src\app\confirmModal\confirmModal-Component.js
C:\CartBackendApplication\ProductCartWebApplication\dist\out-tsc\src\app\confirmModal\confirmModal-Component.js.map
C:\CartBackendApplication\ProductCartWebApplication\dist\out-tsc\src\app\confirmModal\confirmModal-Module.js
C:\CartBackendApplication\ProductCartWebApplication\dist\out-tsc\src\app\confirmModal\confirmModal-Module.js.map
C:\CartBackendApplication\ProductCartWebApplication\dist\out-tsc\src\app\app.module.js
C:\CartBackendApplication\ProductCartWebApplication\dist\out-tsc\src\app\app.module.js.map
C:\CartBackendApplication\ProductCartWebApplication\dist\out-tsc\src\environments\environment.js
C:\CartBackendApplication\ProductCartWebApplication\dist\out-tsc\src\environments\environment.js.map
C:\CartBackendApplication\ProductCartWebApplication\dist\out-tsc\src\main.js
C:\CartBackendApplication\ProductCartWebApplication\dist\out-tsc\src\main.js.map
C:\CartBackendApplication\ProductCartWebApplication\dist\out-tsc\src\polyfills.js
C:\CartBackendApplication\ProductCartWebApplication\dist\out-tsc\src\polyfills.js.map
C:\CartBackendApplication\ProductCartWebApplication\dist\out-tsc\src\test.js
C:\CartBackendApplication\ProductCartWebApplication\dist\out-tsc\src\test.js.map
C:\CartBackendApplication\ProductCartWebApplication\dist\out-tsc\src\app\app.component.spec.js
C:\CartBackendApplication\ProductCartWebApplication\dist\out-tsc\src\app\app.component.spec.js.map
C:\CartBackendApplication\ProductCartWebApplication\dist\out-tsc\src\app\addtocart\addtocart.component.spec.js
C:\CartBackendApplication\ProductCartWebApplication\dist\out-tsc\src\app\addtocart\addtocart.component.spec.js.map
C:\CartBackendApplication\ProductCartWebApplication\dist\out-tsc\src\app\carousel\carousel.component.spec.js
C:\CartBackendApplication\ProductCartWebApplication\dist\out-tsc\src\app\carousel\carousel.component.spec.js.map
C:\CartBackendApplication\ProductCartWebApplication\dist\out-tsc\src\app\faviorite\faviorite.component.spec.js
C:\CartBackendApplication\ProductCartWebApplication\dist\out-tsc\src\app\faviorite\faviorite.component.spec.js.map
C:\CartBackendApplication\ProductCartWebApplication\dist\out-tsc\src\app\filtetemplate\filtetemplate.component.spec.js
C:\CartBackendApplication\ProductCartWebApplication\dist\out-tsc\src\app\filtetemplate\filtetemplate.component.spec.js.map
C:\CartBackendApplication\ProductCartWebApplication\dist\out-tsc\src\app\header\header.component.spec.js
C:\CartBackendApplication\ProductCartWebApplication\dist\out-tsc\src\app\header\header.component.spec.js.map
C:\CartBackendApplication\ProductCartWebApplication\dist\out-tsc\src\app\order\order.component.spec.js
C:\CartBackendApplication\ProductCartWebApplication\dist\out-tsc\src\app\order\order.component.spec.js.map
C:\CartBackendApplication\ProductCartWebApplication\dist\out-tsc\src\app\shoesmodule\shoes\shoes.component.js
C:\CartBackendApplication\ProductCartWebApplication\dist\out-tsc\src\app\shoesmodule\shoes\shoes.component.js.map
C:\CartBackendApplication\ProductCartWebApplication\dist\out-tsc\src\app\shoesmodule\shoesmodule.module.js
C:\CartBackendApplication\ProductCartWebApplication\dist\out-tsc\src\app\shoesmodule\shoesmodule.module.js.map
C:\CartBackendApplication\ProductCartWebApplication\dist\out-tsc\src\environments\environment.prod.js
C:\CartBackendApplication\ProductCartWebApplication\dist\out-tsc\src\environments\environment.prod.js.map
